2021-02-23 16:36:11,188 [INFO] Activator:170 - 


2021-02-23 16:36:11,191 [INFO] Activator:171 - !SESSION log4j initialized
2021-02-23 16:37:56,708 [INFO] Activator:170 - 


2021-02-23 16:37:56,711 [INFO] Activator:171 - !SESSION log4j initialized
2021-02-23 16:40:48,199 [INFO] McuFinderGlobals:40 - Set McuFinder mode to 2 (CubeIDE integrated)
2021-02-23 16:40:48,316 [INFO] ApplicationProperties:181 - Using Application install path: C:\ST\STM32CubeIDE_1.5.0\STM32CubeIDE\plugins\com.st.stm32cube.common.mx_6.1.1.202012091304
2021-02-23 16:40:48,327 [INFO] DbMcusXml:71 - Set database path to: C:\ST\STM32CubeIDE_1.5.0\STM32CubeIDE\plugins\com.st.stm32cube.common.mx_6.1.1.202012091304\\db\/mcu/
2021-02-23 16:40:48,333 [INFO] DbBoardsPdsc:57 - Set plugin database path to: C:\ST\STM32CubeIDE_1.5.0\STM32CubeIDE\plugins\com.st.stm32cube.common.mx_6.1.1.202012091304\\db\/plugins/boardmanager/
2021-02-23 16:40:48,333 [INFO] DbMcus:259 - Set plugin images path to: C:\ST\STM32CubeIDE_1.5.0\STM32CubeIDE\plugins\com.st.stm32cube.common.mx_6.1.1.202012091304\\db\/plugins/mcufinder/images/
2021-02-23 16:40:48,333 [INFO] DbBoards:265 - Set plugin images path to: C:\ST\STM32CubeIDE_1.5.0\STM32CubeIDE\plugins\com.st.stm32cube.common.mx_6.1.1.202012091304\\db\/plugins/mcufinder/images/
2021-02-23 16:40:48,336 [INFO] DbExamples:329 - Set plugin images path to: C:\ST\STM32CubeIDE_1.5.0\STM32CubeIDE\plugins\com.st.stm32cube.common.mx_6.1.1.202012091304\\db\/plugins/mcufinder/images/
2021-02-23 16:40:48,341 [INFO] DbMcusDocs:112 - Set database path to: C:\Users\bakialmaci\.stmcufinder\plugins\mcufinder//mcu/
2021-02-23 16:40:48,343 [INFO] DbMcusJson:63 - Set database path to: C:\Users\bakialmaci\.stmcufinder\plugins\mcufinder//mcu/
2021-02-23 16:40:48,344 [INFO] DbBoardsDocs:112 - Set database path to: C:\Users\bakialmaci\.stmcufinder\plugins\mcufinder//mcu/
2021-02-23 16:40:48,345 [INFO] DbBoardsJson:56 - Set database path to: C:\Users\bakialmaci\.stmcufinder\plugins\mcufinder//mcu/
2021-02-23 16:40:48,584 [INFO] CrossReferenceDbSqlite:196 - Set database path to: C:\Users\bakialmaci\.stmcufinder\plugins\mcufinder//mcu/cs/
2021-02-23 16:40:48,588 [INFO] DbExamplesSqlite:699 - Set database path to: C:\Users\bakialmaci\.stmcufinder\plugins\mcufinder//mcu/
2021-02-23 16:40:48,699 [INFO] RulesReader:52 - Compatibility file has been processed (228 Rules)
2021-02-23 16:40:48,854 [INFO] MicroXplorer:565 - Detected Java Version = 1.8.0_272
2021-02-23 16:40:48,855 [INFO] DbMcusXml:71 - Set database path to: C:\ST\STM32CubeIDE_1.5.0\STM32CubeIDE\plugins\com.st.stm32cube.common.mx_6.1.1.202012091304\\db\/mcu/
2021-02-23 16:40:48,856 [INFO] DbBoardsPdsc:57 - Set plugin database path to: C:\ST\STM32CubeIDE_1.5.0\STM32CubeIDE\plugins\com.st.stm32cube.common.mx_6.1.1.202012091304\\db\/plugins/boardmanager/
2021-02-23 16:40:48,856 [INFO] DbMcus:259 - Set plugin images path to: C:\ST\STM32CubeIDE_1.5.0\STM32CubeIDE\plugins\com.st.stm32cube.common.mx_6.1.1.202012091304\\db\/plugins/mcufinder/images/
2021-02-23 16:40:48,856 [INFO] DbBoards:265 - Set plugin images path to: C:\ST\STM32CubeIDE_1.5.0\STM32CubeIDE\plugins\com.st.stm32cube.common.mx_6.1.1.202012091304\\db\/plugins/mcufinder/images/
2021-02-23 16:40:48,856 [INFO] DbExamples:329 - Set plugin images path to: C:\ST\STM32CubeIDE_1.5.0\STM32CubeIDE\plugins\com.st.stm32cube.common.mx_6.1.1.202012091304\\db\/plugins/mcufinder/images/
2021-02-23 16:40:48,856 [WARN] DbFile:36 - Overriding database path with different value: C:\Users\bakialmaci\.stmcufinder\plugins\mcufinder/ => C:\Users\bakialmaci\.stmcufinder\plugins\mcufinder
2021-02-23 16:40:48,857 [INFO] DbMcusDocs:112 - Set database path to: C:\Users\bakialmaci\.stmcufinder\plugins\mcufinder//mcu/
2021-02-23 16:40:48,857 [WARN] DbFile:36 - Overriding database path with different value: C:\Users\bakialmaci\.stmcufinder\plugins\mcufinder/ => C:\Users\bakialmaci\.stmcufinder\plugins\mcufinder
2021-02-23 16:40:48,857 [INFO] DbMcusJson:63 - Set database path to: C:\Users\bakialmaci\.stmcufinder\plugins\mcufinder//mcu/
2021-02-23 16:40:48,857 [WARN] DbFile:36 - Overriding database path with different value: C:\Users\bakialmaci\.stmcufinder\plugins\mcufinder/ => C:\Users\bakialmaci\.stmcufinder\plugins\mcufinder
2021-02-23 16:40:48,857 [INFO] DbBoardsDocs:112 - Set database path to: C:\Users\bakialmaci\.stmcufinder\plugins\mcufinder//mcu/
2021-02-23 16:40:48,857 [WARN] DbFile:36 - Overriding database path with different value: C:\Users\bakialmaci\.stmcufinder\plugins\mcufinder/ => C:\Users\bakialmaci\.stmcufinder\plugins\mcufinder
2021-02-23 16:40:48,858 [INFO] DbBoardsJson:56 - Set database path to: C:\Users\bakialmaci\.stmcufinder\plugins\mcufinder//mcu/
2021-02-23 16:40:48,858 [WARN] DbFile:36 - Overriding database path with different value: C:\Users\bakialmaci\.stmcufinder\plugins\mcufinder/ => C:\Users\bakialmaci\.stmcufinder\plugins\mcufinder
2021-02-23 16:40:48,858 [WARN] DbFile:36 - Overriding database path with different value: C:\Users\bakialmaci\.stmcufinder\plugins\mcufinder/ => C:\Users\bakialmaci\.stmcufinder\plugins\mcufinder
2021-02-23 16:40:48,858 [INFO] CrossReferenceDbSqlite:196 - Set database path to: C:\Users\bakialmaci\.stmcufinder\plugins\mcufinder//mcu/cs/
2021-02-23 16:40:48,858 [WARN] DbFile:36 - Overriding database path with different value: C:\Users\bakialmaci\.stmcufinder\plugins\mcufinder/ => C:\Users\bakialmaci\.stmcufinder\plugins\mcufinder
2021-02-23 16:40:48,858 [INFO] DbExamplesSqlite:699 - Set database path to: C:\Users\bakialmaci\.stmcufinder\plugins\mcufinder//mcu/
2021-02-23 16:40:48,961 [INFO] MainPanel:190 - HeapMemory: 342884352
2021-02-23 16:40:49,036 [INFO] DbMcusXml:71 - Set database path to: C:\ST\STM32CubeIDE_1.5.0\STM32CubeIDE\plugins\com.st.stm32cube.common.mx_6.1.1.202012091304\\db\/mcu/
2021-02-23 16:40:49,036 [INFO] DbBoardsPdsc:57 - Set plugin database path to: C:\ST\STM32CubeIDE_1.5.0\STM32CubeIDE\plugins\com.st.stm32cube.common.mx_6.1.1.202012091304\\db\/plugins/boardmanager/
2021-02-23 16:40:49,036 [INFO] DbMcus:259 - Set plugin images path to: C:\ST\STM32CubeIDE_1.5.0\STM32CubeIDE\plugins\com.st.stm32cube.common.mx_6.1.1.202012091304\\db\/plugins/mcufinder/images/
2021-02-23 16:40:49,036 [INFO] DbBoards:265 - Set plugin images path to: C:\ST\STM32CubeIDE_1.5.0\STM32CubeIDE\plugins\com.st.stm32cube.common.mx_6.1.1.202012091304\\db\/plugins/mcufinder/images/
2021-02-23 16:40:49,036 [INFO] DbExamples:329 - Set plugin images path to: C:\ST\STM32CubeIDE_1.5.0\STM32CubeIDE\plugins\com.st.stm32cube.common.mx_6.1.1.202012091304\\db\/plugins/mcufinder/images/
2021-02-23 16:40:49,037 [WARN] DbFile:36 - Overriding database path with different value: C:\Users\bakialmaci\.stmcufinder\plugins\mcufinder/ => C:\Users\bakialmaci\.stmcufinder\plugins\mcufinder
2021-02-23 16:40:49,037 [INFO] DbMcusDocs:112 - Set database path to: C:\Users\bakialmaci\.stmcufinder\plugins\mcufinder//mcu/
2021-02-23 16:40:49,037 [WARN] DbFile:36 - Overriding database path with different value: C:\Users\bakialmaci\.stmcufinder\plugins\mcufinder/ => C:\Users\bakialmaci\.stmcufinder\plugins\mcufinder
2021-02-23 16:40:49,037 [INFO] DbMcusJson:63 - Set database path to: C:\Users\bakialmaci\.stmcufinder\plugins\mcufinder//mcu/
2021-02-23 16:40:49,037 [WARN] DbFile:36 - Overriding database path with different value: C:\Users\bakialmaci\.stmcufinder\plugins\mcufinder/ => C:\Users\bakialmaci\.stmcufinder\plugins\mcufinder
2021-02-23 16:40:49,037 [INFO] DbBoardsDocs:112 - Set database path to: C:\Users\bakialmaci\.stmcufinder\plugins\mcufinder//mcu/
2021-02-23 16:40:49,037 [WARN] DbFile:36 - Overriding database path with different value: C:\Users\bakialmaci\.stmcufinder\plugins\mcufinder/ => C:\Users\bakialmaci\.stmcufinder\plugins\mcufinder
2021-02-23 16:40:49,037 [INFO] DbBoardsJson:56 - Set database path to: C:\Users\bakialmaci\.stmcufinder\plugins\mcufinder//mcu/
2021-02-23 16:40:49,038 [WARN] DbFile:36 - Overriding database path with different value: C:\Users\bakialmaci\.stmcufinder\plugins\mcufinder/ => C:\Users\bakialmaci\.stmcufinder\plugins\mcufinder
2021-02-23 16:40:49,038 [WARN] DbFile:36 - Overriding database path with different value: C:\Users\bakialmaci\.stmcufinder\plugins\mcufinder/ => C:\Users\bakialmaci\.stmcufinder\plugins\mcufinder
2021-02-23 16:40:49,038 [INFO] CrossReferenceDbSqlite:196 - Set database path to: C:\Users\bakialmaci\.stmcufinder\plugins\mcufinder//mcu/cs/
2021-02-23 16:40:49,038 [WARN] DbFile:36 - Overriding database path with different value: C:\Users\bakialmaci\.stmcufinder\plugins\mcufinder/ => C:\Users\bakialmaci\.stmcufinder\plugins\mcufinder
2021-02-23 16:40:49,038 [INFO] DbExamplesSqlite:699 - Set database path to: C:\Users\bakialmaci\.stmcufinder\plugins\mcufinder//mcu/
2021-02-23 16:40:49,061 [INFO] ApplicationProperties:181 - Using Application install path: C:\ST\STM32CubeIDE_1.5.0\STM32CubeIDE\plugins\com.st.stm32cube.common.mx_6.1.1.202012091304
2021-02-23 16:40:49,062 [INFO] PluginManage:178 - Search for loadable plugins [exclusion list=, ]
2021-02-23 16:40:49,064 [INFO] PluginManage:292 - Check plugin analytics
2021-02-23 16:40:49,231 [INFO] AnalyticsPlugin:225 - Accepted Software Licenses: STM32CubeMX.6.1.0
2021-02-23 16:40:49,232 [INFO] AnalyticsPlugin:227 - Accepted CMSIS Pack Licenses: 
2021-02-23 16:40:49,233 [INFO] AnalyticsPlugin:229 - Accepted Firmware Licenses: 
2021-02-23 16:40:49,233 [INFO] PluginManage:342 - Loaded plugin analytics (category:tool,tabindex:-1)
2021-02-23 16:40:49,233 [INFO] PluginManage:292 - Check plugin clock
2021-02-23 16:40:49,250 [INFO] PluginManage:342 - Loaded plugin clock (category:base,tabindex:2)
2021-02-23 16:40:49,250 [INFO] PluginManage:292 - Check plugin ddr
2021-02-23 16:40:49,253 [INFO] PluginManage:342 - Loaded plugin ddr (category:tool,tabindex:6)
2021-02-23 16:40:49,253 [INFO] PluginManage:292 - Check plugin filemanager
2021-02-23 16:40:49,394 [INFO] PluginManage:342 - Loaded plugin filemanager (category:base,tabindex:10)
2021-02-23 16:40:49,394 [INFO] PluginManage:292 - Check plugin ipmanager
2021-02-23 16:40:49,415 [INFO] PluginManage:342 - Loaded plugin ipmanager (category:base,tabindex:5)
2021-02-23 16:40:49,415 [INFO] PluginManage:292 - Check plugin pinoutandconfiguration
2021-02-23 16:40:49,428 [INFO] PluginManage:342 - Loaded plugin pinoutandconfiguration (category:base,tabindex:1)
2021-02-23 16:40:49,428 [INFO] PluginManage:292 - Check plugin pinoutconfig
2021-02-23 16:40:49,470 [INFO] PluginManage:342 - Loaded plugin pinoutconfig (category:base,tabindex:0)
2021-02-23 16:40:49,470 [INFO] PluginManage:292 - Check plugin power
2021-02-23 16:40:49,480 [INFO] PluginManage:342 - Loaded plugin power (category:power,tabindex:4)
2021-02-23 16:40:49,480 [INFO] PluginManage:292 - Check plugin projectmanager
2021-02-23 16:40:49,501 [INFO] PluginManage:342 - Loaded plugin projectmanager (category:projectmanager,tabindex:3)
2021-02-23 16:40:49,501 [INFO] PluginManage:292 - Check plugin thirdparty
2021-02-23 16:40:49,616 [INFO] PluginManage:342 - Loaded plugin thirdparty (category:base,tabindex:-1)
2021-02-23 16:40:49,616 [WARN] IntegrityCheckThread:59 - waiting for thirdparty lock release [integrity check]
2021-02-23 16:40:49,617 [INFO] PluginManage:292 - Check plugin tools
2021-02-23 16:40:49,618 [INFO] IntegrityCheckThread:61 - entering critical section [integrity check]
2021-02-23 16:40:49,618 [INFO] ThirdPartyUpdaterWithRetryManager:56 - Updater plugin not ready yet. [1/15]
2021-02-23 16:40:49,620 [INFO] PluginManage:342 - Loaded plugin tools (category:base,tabindex:7)
2021-02-23 16:40:49,621 [INFO] PluginManage:292 - Check plugin tutovideos
2021-02-23 16:40:49,893 [INFO] PluginManage:342 - Loaded plugin tutovideos (category:base,tabindex:-1)
2021-02-23 16:40:49,893 [INFO] PluginManage:292 - Check plugin updater
2021-02-23 16:40:49,907 [INFO] PluginManage:342 - Loaded plugin updater (category:base,tabindex:12)
2021-02-23 16:40:49,908 [INFO] PluginManage:265 - PluginManage : Loaded plugins [13]
2021-02-23 16:40:50,162 [INFO] PinOutPanel:1434 - setPackage(No Configuration,No Configuration)
2021-02-23 16:40:50,305 [INFO] IPUIPlugin:64 - create IPUIPlugin
2021-02-23 16:40:50,305 [INFO] PluginManager:203 - loadIPPluginJar : add adc
2021-02-23 16:40:50,307 [INFO] IPUIPlugin:64 - create IPUIPlugin
2021-02-23 16:40:50,308 [INFO] PluginManager:203 - loadIPPluginJar : add aes
2021-02-23 16:40:50,311 [INFO] IPUIPlugin:64 - create IPUIPlugin
2021-02-23 16:40:50,311 [INFO] PluginManager:203 - loadIPPluginJar : add can
2021-02-23 16:40:50,313 [INFO] IPUIPlugin:64 - create IPUIPlugin
2021-02-23 16:40:50,313 [INFO] PluginManager:203 - loadIPPluginJar : add comp
2021-02-23 16:40:50,316 [INFO] IPUIPlugin:64 - create IPUIPlugin
2021-02-23 16:40:50,317 [INFO] PluginManager:203 - loadIPPluginJar : add cryp
2021-02-23 16:40:50,319 [INFO] IPUIPlugin:64 - create IPUIPlugin
2021-02-23 16:40:50,319 [INFO] PluginManager:203 - loadIPPluginJar : add dfsdm
2021-02-23 16:40:50,325 [INFO] IPUIPlugin:64 - create IPUIPlugin
2021-02-23 16:40:50,326 [INFO] PluginManager:203 - loadIPPluginJar : add dma
2021-02-23 16:40:50,327 [INFO] IPUIPlugin:64 - create IPUIPlugin
2021-02-23 16:40:50,328 [INFO] PluginManager:203 - loadIPPluginJar : add fatfs
2021-02-23 16:40:50,333 [INFO] IPUIPlugin:64 - create IPUIPlugin
2021-02-23 16:40:50,333 [INFO] PluginManager:203 - loadIPPluginJar : add fmc
2021-02-23 16:40:50,340 [INFO] IPUIPlugin:64 - create IPUIPlugin
2021-02-23 16:40:50,340 [INFO] PluginManager:203 - loadIPPluginJar : add freertos
2021-02-23 16:40:50,342 [INFO] IPUIPlugin:64 - create IPUIPlugin
2021-02-23 16:40:50,342 [INFO] PluginManager:203 - loadIPPluginJar : add genericplugin
2021-02-23 16:40:50,345 [INFO] IPUIPlugin:64 - create IPUIPlugin
2021-02-23 16:40:50,345 [INFO] PluginManager:203 - loadIPPluginJar : add gfxmmu
2021-02-23 16:40:50,352 [INFO] IPUIPlugin:64 - create IPUIPlugin
2021-02-23 16:40:50,352 [INFO] PluginManager:203 - loadIPPluginJar : add gic
2021-02-23 16:40:50,356 [INFO] IPUIPlugin:64 - create IPUIPlugin
2021-02-23 16:40:50,357 [INFO] PluginManager:203 - loadIPPluginJar : add gpio
2021-02-23 16:40:50,360 [INFO] IPUIPlugin:64 - create IPUIPlugin
2021-02-23 16:40:50,360 [INFO] PluginManager:203 - loadIPPluginJar : add gtzc
2021-02-23 16:40:50,363 [INFO] IPUIPlugin:64 - create IPUIPlugin
2021-02-23 16:40:50,363 [INFO] PluginManager:203 - loadIPPluginJar : add hash
2021-02-23 16:40:50,365 [INFO] IPUIPlugin:64 - create IPUIPlugin
2021-02-23 16:40:50,366 [INFO] PluginManager:203 - loadIPPluginJar : add i2c
2021-02-23 16:40:50,368 [INFO] IPUIPlugin:64 - create IPUIPlugin
2021-02-23 16:40:50,368 [INFO] PluginManager:203 - loadIPPluginJar : add i2s
2021-02-23 16:40:50,371 [INFO] IPUIPlugin:64 - create IPUIPlugin
2021-02-23 16:40:50,371 [INFO] PluginManager:203 - loadIPPluginJar : add ipddr
2021-02-23 16:40:50,375 [INFO] IPUIPlugin:64 - create IPUIPlugin
2021-02-23 16:40:50,375 [INFO] PluginManager:203 - loadIPPluginJar : add lorawan
2021-02-23 16:40:50,376 [INFO] IPUIPlugin:64 - create IPUIPlugin
2021-02-23 16:40:50,376 [INFO] PluginManager:203 - loadIPPluginJar : add ltdc
2021-02-23 16:40:50,380 [INFO] IPUIPlugin:64 - create IPUIPlugin
2021-02-23 16:40:50,381 [INFO] PluginManager:203 - loadIPPluginJar : add mdma
2021-02-23 16:40:50,384 [INFO] IPUIPlugin:64 - create IPUIPlugin
2021-02-23 16:40:50,384 [INFO] PluginManager:203 - loadIPPluginJar : add nvic
2021-02-23 16:40:50,386 [INFO] IPUIPlugin:64 - create IPUIPlugin
2021-02-23 16:40:50,387 [INFO] PluginManager:203 - loadIPPluginJar : add opamp
2021-02-23 16:40:50,389 [INFO] IPUIPlugin:64 - create IPUIPlugin
2021-02-23 16:40:50,390 [INFO] PluginManager:203 - loadIPPluginJar : add openamp
2021-02-23 16:40:50,392 [INFO] IPUIPlugin:64 - create IPUIPlugin
2021-02-23 16:40:50,393 [INFO] PluginManager:203 - loadIPPluginJar : add pdm2pcm
2021-02-23 16:40:50,399 [INFO] IPUIPlugin:64 - create IPUIPlugin
2021-02-23 16:40:50,402 [INFO] PluginManager:203 - loadIPPluginJar : add plateformsettings
2021-02-23 16:40:50,403 [INFO] IPUIPlugin:64 - create IPUIPlugin
2021-02-23 16:40:50,403 [INFO] PluginManager:203 - loadIPPluginJar : add quadspi
2021-02-23 16:40:50,406 [INFO] IPUIPlugin:64 - create IPUIPlugin
2021-02-23 16:40:50,406 [INFO] PluginManager:203 - loadIPPluginJar : add resmgrutility
2021-02-23 16:40:50,409 [INFO] IPUIPlugin:64 - create IPUIPlugin
2021-02-23 16:40:50,409 [INFO] PluginManager:203 - loadIPPluginJar : add sai
2021-02-23 16:40:50,412 [INFO] IPUIPlugin:64 - create IPUIPlugin
2021-02-23 16:40:50,412 [INFO] PluginManager:203 - loadIPPluginJar : add spi
2021-02-23 16:40:50,416 [INFO] IPUIPlugin:64 - create IPUIPlugin
2021-02-23 16:40:50,416 [INFO] PluginManager:203 - loadIPPluginJar : add stm32_wpan
2021-02-23 16:40:50,418 [INFO] IPUIPlugin:64 - create IPUIPlugin
2021-02-23 16:40:50,418 [INFO] PluginManager:203 - loadIPPluginJar : add tim
2021-02-23 16:40:50,421 [INFO] IPUIPlugin:64 - create IPUIPlugin
2021-02-23 16:40:50,421 [INFO] PluginManager:203 - loadIPPluginJar : add touchsensing
2021-02-23 16:40:50,423 [INFO] IPUIPlugin:64 - create IPUIPlugin
2021-02-23 16:40:50,423 [INFO] PluginManager:203 - loadIPPluginJar : add tracer_emb
2021-02-23 16:40:50,425 [INFO] IPUIPlugin:64 - create IPUIPlugin
2021-02-23 16:40:50,425 [INFO] PluginManager:203 - loadIPPluginJar : add ts
2021-02-23 16:40:50,427 [INFO] IPUIPlugin:64 - create IPUIPlugin
2021-02-23 16:40:50,427 [INFO] PluginManager:203 - loadIPPluginJar : add tsc
2021-02-23 16:40:50,429 [INFO] IPUIPlugin:64 - create IPUIPlugin
2021-02-23 16:40:50,429 [INFO] PluginManager:203 - loadIPPluginJar : add ucpd
2021-02-23 16:40:50,432 [INFO] IPUIPlugin:64 - create IPUIPlugin
2021-02-23 16:40:50,432 [INFO] PluginManager:203 - loadIPPluginJar : add usart
2021-02-23 16:40:50,821 [FATAL] Updater:284 - Updater called before beeing initialized
2021-02-23 16:40:51,000 [FATAL] Updater:284 - Updater called before beeing initialized
2021-02-23 16:40:51,047 [WARN] DetailPanel:347 - Failed to get advertising image, set to default
2021-02-23 16:40:51,107 [FATAL] Updater:284 - Updater called before beeing initialized
2021-02-23 16:40:51,107 [WARN] DetailPanel:347 - Failed to get advertising image, set to default
2021-02-23 16:40:51,181 [FATAL] Updater:284 - Updater called before beeing initialized
2021-02-23 16:40:51,182 [WARN] ThirdParty:783 - waiting for thirdparty lock release [close project]
2021-02-23 16:40:52,627 [INFO] ThirdPartyUpdaterWithRetryManager:56 - Updater plugin not ready yet. [2/15]
2021-02-23 16:40:55,631 [FATAL] Updater:284 - Updater called before beeing initialized
2021-02-23 16:40:55,631 [ERROR] AbstractThirdPartyUpdaterManager:153 - java.lang.Integer cannot be cast to java.util.List
2021-02-23 16:40:55,631 [INFO] ThirdParty:887 - Integrity check success = false
2021-02-23 16:40:55,632 [INFO] IntegrityCheckThread:75 - exiting critical section [integrity check]
2021-02-23 16:40:55,632 [INFO] IntegrityCheckThread:78 - End integrity checks thread
2021-02-23 16:40:55,632 [INFO] ThirdParty:785 - entering critical section [close project]
2021-02-23 16:40:55,634 [INFO] ThirdParty:796 - exiting critical section [close project]
2021-02-23 16:40:55,637 [INFO] PinOutPanel:1434 - setPackage(No Configuration,No Configuration)
2021-02-23 16:40:55,638 [FATAL] Updater:284 - Updater called before beeing initialized
2021-02-23 16:40:55,646 [ERROR] Updater:1065 - MainUpdater not yet initialized. External WinMGr cannot be set.
2021-02-23 16:40:55,648 [INFO] Updater:1002 - Updater Version found : 6.1.1
2021-02-23 16:40:55,668 [INFO] ApplicationProperties:181 - Using Application install path: C:\ST\STM32CubeIDE_1.5.0\STM32CubeIDE\plugins\com.st.stm32cube.common.mx_6.1.1.202012091304
2021-02-23 16:40:55,898 [INFO] MainUpdater:2644 - connection check result : 10
2021-02-23 16:40:55,898 [INFO] MainUpdater:249 - Updater Check For Update Now.
2021-02-23 16:40:55,898 [INFO] MicroXplorer:415 - Change Database Version : DB.6.0.10
2021-02-23 16:40:55,939 [INFO] CheckServerUpdateThread:102 - End of CheckServer Thread
2021-02-23 16:40:56,009 [INFO] MainUpdater:2644 - connection check result : 10
2021-02-23 16:40:56,486 [INFO] CrossSelectorPresenter:1330 - Cross Selector saved comparison directory: C:\Users\bakialmaci\.stmcufinder\plugins\mcufinder\mcu\cs_comparisons_mx
2021-02-23 16:40:56,496 [INFO] MultiScanPanel:198 - Auto-refresh data requested => check proxy status ongoing
2021-02-23 16:40:56,502 [INFO] FinderPluginLoader:87 - Searching for filters in installed packs
2021-02-23 16:40:56,505 [INFO] DbMcusXml:97 - Load MCU database from C:\ST\STM32CubeIDE_1.5.0\STM32CubeIDE\plugins\com.st.stm32cube.common.mx_6.1.1.202012091304\\db\/mcu/families.xml
2021-02-23 16:40:57,467 [INFO] DbMcusJson:92 - JSON generation date=Mon Feb 08 16:35:07 TRT 2021 (1612791307)
2021-02-23 16:40:58,364 [INFO] DbMcus:176 - Found 1835 MCUs (1796 are supported by CubeMX, 1804 are visible in CubeMX)
2021-02-23 16:40:58,365 [INFO] ApiDb:238 - Load user favorites file C:\Users\bakialmaci/.stm32cubeide/favorites.mcus.txt: 0 item(s)
2021-02-23 16:40:58,365 [INFO] ApiDb:242 - User favorites MCUs=[]
2021-02-23 16:40:58,365 [INFO] DbMcus:188 - Set 0 / 0 favorites MCUs
2021-02-23 16:40:58,989 [INFO] DetailPanel:344 - Set advertising image to C:/Users/bakialmaci/STM32Cube/Repository/\stm32cubemx-promo_image.jpg
2021-02-23 16:40:59,440 [INFO] McuFilterPanel:245 - Update 0 favorites MCUs
2021-02-23 16:40:59,534 [INFO] DbBoardsPdsc:91 - Found 24 items
2021-02-23 16:40:59,536 [INFO] DbBoardsPdsc:91 - Found 9 items
2021-02-23 16:40:59,541 [INFO] DbBoardsPdsc:91 - Found 32 items
2021-02-23 16:40:59,544 [INFO] DbBoardsPdsc:91 - Found 1 items
2021-02-23 16:40:59,552 [INFO] DbBoardsPdsc:91 - Found 45 items
2021-02-23 16:40:59,561 [INFO] DbBoardsPdsc:91 - Found 41 items
2021-02-23 16:40:59,563 [INFO] DbBoardsPdsc:91 - Found 2 items
2021-02-23 16:40:59,567 [INFO] DbBoardsPdsc:91 - Found 4 items
2021-02-23 16:40:59,576 [WARN] DbBoardsPdsc:255 - Board STM32H7B3I-DK: unknown feature type=Audio, name=, username=Audio stereo codec with Headphone Amp (CS42L51-CNZ), n=1
2021-02-23 16:40:59,577 [WARN] DbBoardsPdsc:255 - Board STM32H735G-DK: unknown feature type=Audio, name=, username=Audio stereo codec with Headphone Amp (WM8994ECS/R), n=1
2021-02-23 16:40:59,582 [WARN] DbBoardsPdsc:255 - Board STM32H7B3I-EVAL: unknown feature type=Audio, name=, username=Multi-Channel Audio Codec (CS42L51-CNZ), n=1
2021-02-23 16:40:59,583 [WARN] DbBoardsPdsc:255 - Board STM32H7B3I-EVAL: unknown feature type=Meter, name=, username=Power-metering and Temperature-monitoring with sigma-delta modulators, n=1
2021-02-23 16:40:59,583 [WARN] DbBoardsPdsc:255 - Board STM32H7B3I-EVAL: unknown feature type=Motor, name=, username=Motor Control, n=1
2021-02-23 16:40:59,600 [INFO] DbBoardsJson:85 - JSON generation date=Thu Feb 04 19:53:45 TRT 2021 (1612457625)
2021-02-23 16:40:59,607 [INFO] DbBoards:118 - Found 160 boards (155 are supported by CubeMX)
2021-02-23 16:40:59,618 [INFO] DbBoardsDocs:145 - JSON generation date=Mon Feb 08 16:35:07 TRT 2021 (1612791307)
2021-02-23 16:40:59,640 [INFO] DbBoardsDocs:81 - Found 193 boards documents
2021-02-23 16:40:59,640 [WARN] DbBoards:128 - board B-L462E-CELL1 has no document id list !
2021-02-23 16:40:59,640 [WARN] DbBoards:128 - board B-L475E-IOT01A2 has no document id list !
2021-02-23 16:40:59,641 [WARN] DbBoards:128 - board NUCLEO-G0B1RE has no document id list !
2021-02-23 16:40:59,641 [WARN] DbBoards:128 - board NUCLEO-H743ZI2 has no document id list !
2021-02-23 16:40:59,642 [WARN] DbBoards:128 - board NUCLEO-L4A6ZG has no document id list !
2021-02-23 16:40:59,642 [WARN] DbBoards:128 - board NUCLEO-WB55RG has no document id list !
2021-02-23 16:40:59,643 [WARN] DbBoards:128 - board NUCLEO-WL55JC1 has no document id list !
2021-02-23 16:40:59,643 [WARN] DbBoards:128 - board NUCLEO-WL55JC2 has no document id list !
2021-02-23 16:40:59,643 [WARN] DbBoards:128 - board P-NUCLEO-WB55-Nucleo has no document id list !
2021-02-23 16:40:59,643 [WARN] DbBoards:128 - board P-NUCLEO-WB55-USBDongle has no document id list !
2021-02-23 16:40:59,643 [WARN] DbBoards:128 - board STEVAL-BFA001V1B has no document id list !
2021-02-23 16:40:59,643 [WARN] DbBoards:128 - board STEVAL-BFA001V2B has no document id list !
2021-02-23 16:40:59,643 [WARN] DbBoards:128 - board STEVAL-IDP005V1 has no document id list !
2021-02-23 16:40:59,644 [WARN] DbBoards:128 - board STEVAL-IDP005V2 has no document id list !
2021-02-23 16:40:59,644 [WARN] DbBoards:128 - board STEVAL-MKSBOX1V1 has no document id list !
2021-02-23 16:40:59,644 [WARN] DbBoards:128 - board STEVAL-STWINKT1 has no document id list !
2021-02-23 16:40:59,644 [WARN] DbBoards:128 - board STEVAL-STWINKT1B has no document id list !
2021-02-23 16:40:59,644 [WARN] DbBoards:128 - board STM32F401C-DISCO has no document id list !
2021-02-23 16:40:59,645 [WARN] DbBoards:128 - board STM32F769I-DISC1 has no document id list !
2021-02-23 16:40:59,645 [WARN] DbBoards:128 - board STM32G0C1E-EV has no document id list !
2021-02-23 16:40:59,645 [WARN] DbBoards:128 - board STM32G474E-EVAL1 has no document id list !
2021-02-23 16:40:59,645 [WARN] DbBoards:128 - board STM32H743I-EVAL2 has no document id list !
2021-02-23 16:40:59,645 [WARN] DbBoards:128 - board STM32H747I-DISC1 has no document id list !
2021-02-23 16:40:59,646 [WARN] DbBoards:128 - board STM32H753I-EVAL2 has no document id list !
2021-02-23 16:40:59,646 [WARN] DbBoards:128 - board STM32L-DISCOVERY has no document id list !
2021-02-23 16:40:59,646 [WARN] DbBoards:128 - board STM32MP157A-DK1 has no document id list !
2021-02-23 16:40:59,647 [WARN] DbBoards:128 - board STM32MP157F-DK2 has no document id list !
2021-02-23 16:40:59,647 [WARN] DbBoards:128 - board STM32MP157F-EV1 has no document id list !
2021-02-23 16:41:00,065 [ERROR] DbBoards:190 - Image file not found for board NUCLEO-WL55JC: C:\ST\STM32CubeIDE_1.5.0\STM32CubeIDE\plugins\com.st.stm32cube.common.mx_6.1.1.202012091304\\db\/plugins/mcufinder/images/boards/nucleo-wl55jc-small.jpg
2021-02-23 16:41:00,287 [ERROR] DbBoards:190 - Image file not found for board STEVAL-STWINKT1B: C:\ST\STM32CubeIDE_1.5.0\STM32CubeIDE\plugins\com.st.stm32cube.common.mx_6.1.1.202012091304\\db\/plugins/mcufinder/images/boards/steval-stwinkt1b_small.jpg
2021-02-23 16:41:00,734 [ERROR] DbBoards:190 - Image file not found for board STM32H7B3I-EVAL: C:\ST\STM32CubeIDE_1.5.0\STM32CubeIDE\plugins\com.st.stm32cube.common.mx_6.1.1.202012091304\\db\/plugins/mcufinder/images/boards/stm32h7b3ieval_small.jpg
2021-02-23 16:41:00,942 [INFO] ApiDb:238 - Load user favorites file C:\Users\bakialmaci/.stm32cubeide/favorites.boards.txt: 0 item(s)
2021-02-23 16:41:00,942 [INFO] ApiDb:242 - User favorites Boards=[]
2021-02-23 16:41:00,942 [INFO] DbBoards:207 - Set 0 / 0 favorites Boards
2021-02-23 16:41:10,085 [INFO] DbMcusDocs:145 - JSON generation date=Mon Feb 08 16:35:07 TRT 2021 (1612791307)
2021-02-23 16:41:10,294 [INFO] DbMcusDocs:81 - Found 617 MCUs documents
2021-02-23 16:41:25,024 [INFO] MainUpdater:2644 - connection check result : 10
2021-02-23 16:41:25,025 [INFO] MainUpdater:2644 - connection check result : 10
2021-02-23 16:41:25,086 [INFO] MicroXplorer:385 - Change Database Path : 
2021-02-23 16:41:25,087 [INFO] MicroXplorer:415 - Change Database Version : DB.6.0.10
2021-02-23 16:41:25,087 [WARN] ThirdParty:783 - waiting for thirdparty lock release [close project]
2021-02-23 16:41:25,088 [INFO] ThirdParty:785 - entering critical section [close project]
2021-02-23 16:41:25,088 [INFO] ThirdParty:796 - exiting critical section [close project]
2021-02-23 16:41:25,095 [INFO] PinOutPanel:1434 - setPackage(No Configuration,No Configuration)
2021-02-23 16:41:25,097 [INFO] UtilMem:74 - Begin LoadConfig() Used Memory: 378278264 Bytes (873463808)
2021-02-23 16:41:25,098 [INFO] MicroXplorer:385 - Change Database Path : 
2021-02-23 16:41:25,099 [INFO] MicroXplorer:415 - Change Database Version : DB.6.0.10
2021-02-23 16:41:25,099 [INFO] OpenFileManager:274 - Change cursor
2021-02-23 16:41:25,101 [WARN] ThirdParty:204 - Use empty third party IP manager
2021-02-23 16:41:25,146 [WARN] IntegrityCheckThread:59 - waiting for thirdparty lock release [integrity check]
2021-02-23 16:41:25,146 [INFO] IntegrityCheckThread:61 - entering critical section [integrity check]
2021-02-23 16:41:25,232 [WARN] ConditionMgr:437 - getConditionDescription Invalid condition id : SIGFOX STM32 LIB Condition cause : null
2021-02-23 16:41:25,259 [WARN] ConditionMgr:437 - getConditionDescription Invalid condition id : Sigfox Third Party LIB Condition cause : null
2021-02-23 16:41:25,269 [WARN] ConditionMgr:1040 - genDependencies : Invalid condition id : SIGFOX STM32 LIB Condition cause : null
2021-02-23 16:41:25,270 [WARN] ConditionMgr:1040 - genDependencies : Invalid condition id : Sigfox Third Party LIB Condition cause : null
2021-02-23 16:41:25,272 [WARN] ConditionMgr:1040 - genDependencies : Invalid condition id : Sigfox Third Party LIB Condition cause : null
2021-02-23 16:41:25,273 [WARN] ConditionMgr:1040 - genDependencies : Invalid condition id : SIGFOX STM32 LIB Condition cause : null
2021-02-23 16:41:25,273 [WARN] ConditionMgr:1040 - genDependencies : Invalid condition id : SIGFOX STM32 LIB Condition cause : null
2021-02-23 16:41:25,274 [WARN] ConditionMgr:1040 - genDependencies : Invalid condition id : Sigfox Third Party LIB Condition cause : null
2021-02-23 16:41:25,631 [INFO] ThirdParty:887 - Integrity check success = true
2021-02-23 16:41:25,631 [INFO] IntegrityCheckThread:75 - exiting critical section [integrity check]
2021-02-23 16:41:25,632 [INFO] IntegrityCheckThread:78 - End integrity checks thread
2021-02-23 16:41:26,989 [INFO] ImportTextPane:162 - (OptionalMessage_ERROR) Unable to find key (Mcu.ThirdPartyNb) in loaded IOC file
2021-02-23 16:41:26,989 [INFO] ImportTextPane:162 - (OptionalMessage_ERROR) Unable to find key (Mcu.PinsNb) in loaded IOC file
2021-02-23 16:41:26,989 [INFO] ImportTextPane:162 - (OptionalMessage_ERROR) Unable to find key (Mcu.IPNb) in loaded IOC file
2021-02-23 16:41:27,061 [WARN] ApiManager:294 - Cannot register API 'Board Extension:S2868A1' from pack STMicroelectronics.X-CUBE-SUBG2.3.0.1: no header file found
2021-02-23 16:41:27,061 [WARN] ApiManager:294 - Cannot register API 'Board Extension:S2868A2' from pack STMicroelectronics.X-CUBE-SUBG2.3.0.1: no header file found
2021-02-23 16:41:27,061 [WARN] ApiManager:294 - Cannot register API 'Board Extension:S2915A1' from pack STMicroelectronics.X-CUBE-SUBG2.3.0.1: no header file found
2021-02-23 16:41:27,075 [WARN] ModelIntegratedComponent:51 - No mode defined for component null
2021-02-23 16:41:27,075 [WARN] ModelIntegratedComponent:51 - No mode defined for component null
2021-02-23 16:41:27,075 [WARN] ModelIntegratedComponent:51 - No mode defined for component null
2021-02-23 16:41:27,075 [WARN] ModelIntegratedComponent:51 - No mode defined for component null
2021-02-23 16:41:27,075 [WARN] ModelIntegratedComponent:51 - No mode defined for component null
2021-02-23 16:41:27,075 [WARN] ModelIntegratedComponent:51 - No mode defined for component null
2021-02-23 16:41:27,075 [WARN] ModelIntegratedComponent:51 - No mode defined for component null
2021-02-23 16:41:27,076 [WARN] ModelIntegratedComponent:51 - No mode defined for component null
2021-02-23 16:41:27,076 [WARN] ModelIntegratedComponent:51 - No mode defined for component null
2021-02-23 16:41:27,076 [WARN] ModelIntegratedComponent:51 - No mode defined for component null
2021-02-23 16:41:27,076 [WARN] ModelIntegratedComponent:51 - No mode defined for component null
2021-02-23 16:41:27,076 [WARN] ModelIntegratedComponent:51 - No mode defined for component null
2021-02-23 16:41:27,076 [WARN] ModelIntegratedComponent:51 - No mode defined for component null
2021-02-23 16:41:27,076 [WARN] ModelIntegratedComponent:51 - No mode defined for component null
2021-02-23 16:41:27,076 [WARN] ModelIntegratedComponent:51 - No mode defined for component null
2021-02-23 16:41:27,076 [WARN] ModelIntegratedComponent:51 - No mode defined for component null
2021-02-23 16:41:27,076 [WARN] ModelIntegratedComponent:51 - No mode defined for component null
2021-02-23 16:41:27,077 [WARN] ModelIntegratedComponent:51 - No mode defined for component null
2021-02-23 16:41:27,077 [WARN] ModelIntegratedComponent:51 - No mode defined for component null
2021-02-23 16:41:27,077 [WARN] ModelIntegratedComponent:51 - No mode defined for component null
2021-02-23 16:41:27,077 [WARN] ModelIntegratedComponent:51 - No mode defined for component null
2021-02-23 16:41:27,077 [WARN] ModelIntegratedComponent:51 - No mode defined for component null
2021-02-23 16:41:27,077 [WARN] ModelIntegratedComponent:51 - No mode defined for component null
2021-02-23 16:41:27,077 [WARN] ModelIntegratedComponent:51 - No mode defined for component null
2021-02-23 16:41:27,077 [WARN] ModelIntegratedComponent:51 - No mode defined for component null
2021-02-23 16:41:27,078 [WARN] ModelIntegratedComponent:51 - No mode defined for component null
2021-02-23 16:41:27,078 [WARN] ModelIntegratedComponent:51 - No mode defined for component null
2021-02-23 16:41:27,078 [WARN] ModelIntegratedComponent:51 - No mode defined for component null
2021-02-23 16:41:27,078 [WARN] ModelIntegratedComponent:51 - No mode defined for component null
2021-02-23 16:41:27,078 [WARN] ModelIntegratedComponent:51 - No mode defined for component null
2021-02-23 16:41:27,078 [WARN] ModelIntegratedComponent:51 - No mode defined for component null
2021-02-23 16:41:27,078 [WARN] ModelIntegratedComponent:51 - No mode defined for component null
2021-02-23 16:41:27,078 [WARN] ModelIntegratedComponent:51 - No mode defined for component null
2021-02-23 16:41:27,079 [WARN] ModelIntegratedComponent:51 - No mode defined for component null
2021-02-23 16:41:27,079 [WARN] ModelIntegratedComponent:51 - No mode defined for component null
2021-02-23 16:41:27,079 [WARN] ModelIntegratedComponent:51 - No mode defined for component null
2021-02-23 16:41:27,079 [WARN] ModelIntegratedComponent:51 - No mode defined for component null
2021-02-23 16:41:27,079 [WARN] ModelIntegratedComponent:51 - No mode defined for component null
2021-02-23 16:41:27,081 [WARN] ApiManager:294 - Cannot register API 'Board Extension:S2868A1' from pack STMicroelectronics.X-CUBE-SFXS2LP1.2.0.0: no header file found
2021-02-23 16:41:27,082 [WARN] ApiManager:294 - Cannot register API 'Board Extension:S2868A2' from pack STMicroelectronics.X-CUBE-SFXS2LP1.2.0.0: no header file found
2021-02-23 16:41:27,082 [WARN] ApiManager:294 - Cannot register API 'Board Extension:S2915A1' from pack STMicroelectronics.X-CUBE-SFXS2LP1.2.0.0: no header file found
2021-02-23 16:41:27,206 [WARN] ApiManager:294 - Cannot register API 'Board Extension:IKS01A3' from pack STMicroelectronics.X-CUBE-MEMS1.8.2.0: no header file found
2021-02-23 16:41:27,206 [WARN] ApiManager:294 - Cannot register API 'Board Extension:IKS01A2' from pack STMicroelectronics.X-CUBE-MEMS1.8.2.0: no header file found
2021-02-23 16:41:27,206 [WARN] ApiManager:294 - Cannot register API 'Board Extension:IKS02A1' from pack STMicroelectronics.X-CUBE-MEMS1.8.2.0: no header file found
2021-02-23 16:41:27,215 [WARN] ApiManager:294 - Cannot register API 'Board Extension:EEPRMA1' from pack STMicroelectronics.X-CUBE-EEPRMA1.3.0.0: no header file found
2021-02-23 16:41:27,215 [WARN] ApiManager:294 - Cannot register API 'Board Extension:EEPRMA2' from pack STMicroelectronics.X-CUBE-EEPRMA1.3.0.0: no header file found
2021-02-23 16:41:27,217 [INFO] RtosManager:464 - Registered RTOS mode: class=CMSIS, group=RTOS, mode=CMSIS_V1, owner=FREERTOS
2021-02-23 16:41:27,217 [INFO] RtosManager:464 - Registered RTOS mode: class=CMSIS, group=RTOS2, mode=CMSIS_V2, owner=FREERTOS
2021-02-23 16:41:27,218 [INFO] RtosManager:464 - Registered RTOS mode: class=RTOS, group=Core, mode=CMSIS_V1, owner=FREERTOS
2021-02-23 16:41:27,218 [INFO] RtosManager:464 - Registered RTOS mode: class=RTOS, group=Core, mode=CMSIS_V2, owner=FREERTOS
2021-02-23 16:41:27,218 [WARN] ModelIntegratedComponent:182 - Missing modes for component STMicroelectronics:FreeRTOS:0.0.1:STMicroelectronics:RTOS:FreeRTOS:Core:::10.2.0:
2021-02-23 16:41:27,219 [WARN] ApiManager:294 - Cannot register API 'Board Extension:GNSS1A1' from pack STMicroelectronics.X-CUBE-GNSS1.5.1.0: no header file found
2021-02-23 16:41:27,219 [WARN] ApiManager:294 - Cannot register API 'Board Support:Custom' from pack STMicroelectronics.X-CUBE-GNSS1.5.1.0: no header file found
2021-02-23 16:41:27,219 [WARN] ApiManager:294 - Cannot register API 'Data Exchange:lib_gnss' from pack STMicroelectronics.X-CUBE-GNSS1.5.1.0: no header file found
2021-02-23 16:41:27,220 [WARN] ApiManager:294 - Cannot register API 'Wireless:BlueNRG-MS' from pack STMicroelectronics.X-CUBE-BLE1.6.1.0: no header file found
2021-02-23 16:41:27,221 [WARN] ApiManager:294 - Cannot register API 'Board Extension:NFC04A1' from pack STMicroelectronics.X-CUBE-NFC4.2.0.1: no header file found
2021-02-23 16:41:27,224 [WARN] ApiManager:294 - Cannot register API 'Wireless:BlueNRG-2' from pack STMicroelectronics.X-CUBE-BLE2.3.1.0: no header file found
2021-02-23 16:41:27,777 [INFO] UtilMem:74 - End LoadConfig() Used Memory: 537388696 Bytes (873463808)
2021-02-23 16:41:27,781 [WARN] ThirdParty:749 - waiting for thirdparty lock release [change project]
2021-02-23 16:41:27,782 [INFO] ThirdParty:751 - entering critical section [change project]
2021-02-23 16:41:27,782 [INFO] ThirdParty:939 - CMSIS Pack Vendor :STMicroelectronics USB_HOST 2.0.0
2021-02-23 16:41:27,782 [INFO] ThirdParty:939 - CMSIS Pack Vendor :STMicroelectronics X-CUBE-SUBG2 3.0.1
2021-02-23 16:41:27,783 [INFO] ThirdParty:939 - CMSIS Pack Vendor :STMicroelectronics USB_DEVICE 3.0.0
2021-02-23 16:41:27,783 [INFO] ThirdParty:939 - CMSIS Pack Vendor :STMicroelectronics HAL Drivers 0.0.0
2021-02-23 16:41:27,783 [INFO] ThirdParty:939 - CMSIS Pack Vendor :STMicroelectronics MBEDTLS 2.16.2
2021-02-23 16:41:27,783 [INFO] ThirdParty:939 - CMSIS Pack Vendor :STMicroelectronics X-CUBE-SFXS2LP1 2.0.0
2021-02-23 16:41:27,783 [INFO] ThirdParty:939 - CMSIS Pack Vendor :STMicroelectronics MBEDTLS 2.14.1
2021-02-23 16:41:27,783 [INFO] ThirdParty:939 - CMSIS Pack Vendor :STMicroelectronics USB_DEVICE 2.0.0
2021-02-23 16:41:27,783 [INFO] ThirdParty:939 - CMSIS Pack Vendor :STMicroelectronics X-CUBE-MEMS1 8.2.0
2021-02-23 16:41:27,784 [INFO] ThirdParty:939 - CMSIS Pack Vendor :STMicroelectronics X-CUBE-EEPRMA1 3.0.0
2021-02-23 16:41:27,784 [INFO] ThirdParty:939 - CMSIS Pack Vendor :STMicroelectronics X-CUBE-DISPLAY 1.0.0
2021-02-23 16:41:27,784 [INFO] ThirdParty:939 - CMSIS Pack Vendor :STMicroelectronics FreeRTOS 0.0.1
2021-02-23 16:41:27,784 [INFO] ThirdParty:939 - CMSIS Pack Vendor :STMicroelectronics USB_DEVICE 1.0.0
2021-02-23 16:41:27,784 [INFO] ThirdParty:939 - CMSIS Pack Vendor :STMicroelectronics X-CUBE-ALGOBUILD 1.1.0
2021-02-23 16:41:27,784 [INFO] ThirdParty:939 - CMSIS Pack Vendor :STMicroelectronics X-CUBE-GNSS1 5.1.0
2021-02-23 16:41:27,784 [INFO] ThirdParty:939 - CMSIS Pack Vendor :STMicroelectronics X-CUBE-BLE1 6.1.0
2021-02-23 16:41:27,784 [INFO] ThirdParty:939 - CMSIS Pack Vendor :STMicroelectronics lwIP 2.0.3
2021-02-23 16:41:27,784 [INFO] ThirdParty:939 - CMSIS Pack Vendor :STMicroelectronics lwIP 2.1.2
2021-02-23 16:41:27,784 [INFO] ThirdParty:939 - CMSIS Pack Vendor :STMicroelectronics USB_HOST 1.0.0
2021-02-23 16:41:27,785 [INFO] ThirdParty:939 - CMSIS Pack Vendor :STMicroelectronics X-CUBE-NFC4 2.0.1
2021-02-23 16:41:27,785 [INFO] ThirdParty:939 - CMSIS Pack Vendor :STMicroelectronics X-CUBE-AI 5.2.0
2021-02-23 16:41:27,785 [INFO] ThirdParty:939 - CMSIS Pack Vendor :STMicroelectronics PDM2PCM 3.1.0
2021-02-23 16:41:27,785 [INFO] ThirdParty:939 - CMSIS Pack Vendor :STMicroelectronics X-CUBE-TOUCHGFX 4.16.0
2021-02-23 16:41:27,785 [INFO] ThirdParty:939 - CMSIS Pack Vendor :STMicroelectronics PDM2PCM 3.2.0
2021-02-23 16:41:27,785 [INFO] ThirdParty:939 - CMSIS Pack Vendor :STMicroelectronics X-CUBE-BLE2 3.1.0
2021-02-23 16:41:27,785 [INFO] ThirdParty:939 - CMSIS Pack Vendor :STMicroelectronics PDM2PCM 3.3.0
2021-02-23 16:41:27,785 [INFO] ThirdParty:757 - exiting critical section [change project]
2021-02-23 16:41:28,255 [INFO] PinOutPanel:1434 - setPackage(No Configuration,No Configuration)
2021-02-23 16:41:28,257 [INFO] PinOutPanel:1434 - setPackage(STM32F103C8Tx,LQFP48)
2021-02-23 16:41:28,925 [INFO] UtilMem:74 - Before build in PCC Used Memory: 577008128 Bytes (873463808)
2021-02-23 16:41:29,432 [INFO] SharedServices:72 - Folder for power plug-in: C:/Users/bakialmaci/.stm32cubemx/plugins/power
2021-02-23 16:41:29,489 [INFO] SharedServices:72 - Folder for power plug-in: C:/Users/bakialmaci/.stm32cubemx/plugins/power
2021-02-23 16:41:29,543 [INFO] SharedServices:72 - Folder for power plug-in: C:/Users/bakialmaci/.stm32cubemx/plugins/power
2021-02-23 16:41:29,551 [INFO] SharedServices:72 - Folder for power plug-in: C:/Users/bakialmaci/.stm32cubemx/plugins/power
2021-02-23 16:41:29,761 [INFO] UtilMem:74 - After build in PCC Used Memory: 629963256 Bytes (873463808)
2021-02-23 16:41:29,790 [INFO] IPUIPlugin:64 - create IPUIPlugin
2021-02-23 16:41:29,791 [INFO] IPUIPlugin:64 - create IPUIPlugin
2021-02-23 16:41:29,791 [INFO] IPUIPlugin:64 - create IPUIPlugin
2021-02-23 16:41:29,792 [INFO] IPUIPlugin:64 - create IPUIPlugin
2021-02-23 16:41:29,792 [INFO] IPUIPlugin:64 - create IPUIPlugin
2021-02-23 16:41:29,792 [INFO] IPUIPlugin:64 - create IPUIPlugin
2021-02-23 16:41:29,792 [INFO] IPUIPlugin:64 - create IPUIPlugin
2021-02-23 16:41:29,793 [INFO] IPUIPlugin:64 - create IPUIPlugin
2021-02-23 16:41:29,793 [INFO] IPUIPlugin:64 - create IPUIPlugin
2021-02-23 16:41:29,793 [INFO] IPUIPlugin:64 - create IPUIPlugin
2021-02-23 16:41:29,793 [INFO] IPUIPlugin:64 - create IPUIPlugin
2021-02-23 16:41:29,794 [INFO] IPUIPlugin:64 - create IPUIPlugin
2021-02-23 16:41:29,794 [INFO] IPUIPlugin:64 - create IPUIPlugin
2021-02-23 16:41:29,794 [INFO] IPUIPlugin:64 - create IPUIPlugin
2021-02-23 16:41:29,795 [INFO] IPUIPlugin:64 - create IPUIPlugin
2021-02-23 16:41:29,795 [INFO] IPUIPlugin:64 - create IPUIPlugin
2021-02-23 16:41:29,796 [INFO] IPUIPlugin:64 - create IPUIPlugin
2021-02-23 16:41:29,796 [INFO] IPUIPlugin:64 - create IPUIPlugin
2021-02-23 16:41:29,796 [INFO] IPUIPlugin:64 - create IPUIPlugin
2021-02-23 16:41:29,796 [INFO] IPUIPlugin:64 - create IPUIPlugin
2021-02-23 16:41:29,797 [INFO] IPUIPlugin:64 - create IPUIPlugin
2021-02-23 16:41:29,797 [INFO] IPUIPlugin:64 - create IPUIPlugin
2021-02-23 16:41:29,797 [INFO] IPUIPlugin:64 - create IPUIPlugin
2021-02-23 16:41:29,798 [INFO] IPUIPlugin:64 - create IPUIPlugin
2021-02-23 16:41:29,799 [INFO] IPUIPlugin:64 - create IPUIPlugin
2021-02-23 16:41:29,800 [INFO] IPUIPlugin:64 - create IPUIPlugin
2021-02-23 16:41:29,801 [INFO] IPUIPlugin:64 - create IPUIPlugin
2021-02-23 16:41:29,845 [INFO] LogOutputStream:76 - [STDOUT_REDIRECT] toolchainItems.length=====1
2021-02-23 16:41:30,029 [INFO] OpenFileManager:294 - Restore cursor
2021-02-23 16:41:30,447 [INFO] UtilMem:74 - End SaveConfig() Used Memory: 367792464 Bytes (873463808)
2021-02-23 16:41:30,561 [INFO] UtilMem:74 - End SaveConfig() Used Memory: 373062136 Bytes (873463808)
2021-02-23 16:41:31,113 [INFO] BlockDiagram:2735 - set Specific Code input for plugin: NVIC
2021-02-23 16:41:31,114 [INFO] BlockDiagram:2735 - set Specific Code input for plugin: SYS
2021-02-23 16:41:31,114 [INFO] BlockDiagram:2735 - set Specific Code input for plugin: RCC
2021-02-23 16:41:31,117 [INFO] CodeGenerator:639 - code generatio: config db path: C:\ST\STM32CubeIDE_1.5.0\STM32CubeIDE\plugins\com.st.stm32cube.common.mx_6.1.1.202012091304\\db\
2021-02-23 16:41:31,646 [INFO] CodeEngine:229 - oldGeneratedFile, C:\Users\bakialmaci\Desktop\Projects\ARM\Arm-Cortex\Blink\MXTmpFiles\license.tmp_save
2021-02-23 16:41:32,379 [INFO] CodeEngine:247 - Generated code: C:\Users\bakialmaci\Desktop\Projects\ARM\Arm-Cortex\Blink\MXTmpFiles\license.tmp
2021-02-23 16:41:32,549 [INFO] CodeEngine:229 - oldGeneratedFile, C:\Users\bakialmaci\Desktop\Projects\ARM\Arm-Cortex\Blink\Core\Src\stm32f1xx_it.c_save
2021-02-23 16:41:32,953 [INFO] CodeEngine:247 - Generated code: C:\Users\bakialmaci\Desktop\Projects\ARM\Arm-Cortex\Blink\Core\Src\stm32f1xx_it.c
2021-02-23 16:41:32,976 [INFO] CodeEngine:229 - oldGeneratedFile, C:\Users\bakialmaci\Desktop\Projects\ARM\Arm-Cortex\Blink\Core\Inc\stm32f1xx_it.h_save
2021-02-23 16:41:33,136 [INFO] CodeEngine:247 - Generated code: C:\Users\bakialmaci\Desktop\Projects\ARM\Arm-Cortex\Blink\Core\Inc\stm32f1xx_it.h
2021-02-23 16:41:33,224 [INFO] CodeEngine:229 - oldGeneratedFile, C:\Users\bakialmaci\Desktop\Projects\ARM\Arm-Cortex\Blink\Core\Src\stm32f1xx_hal_msp.c_save
2021-02-23 16:41:33,542 [INFO] CodeEngine:247 - Generated code: C:\Users\bakialmaci\Desktop\Projects\ARM\Arm-Cortex\Blink\Core\Src\stm32f1xx_hal_msp.c
2021-02-23 16:41:33,555 [INFO] CodeEngine:229 - oldGeneratedFile, C:\Users\bakialmaci\Desktop\Projects\ARM\Arm-Cortex\Blink\MXTmpFiles\system.tmp_save
2021-02-23 16:41:33,702 [INFO] CodeEngine:247 - Generated code: C:\Users\bakialmaci\Desktop\Projects\ARM\Arm-Cortex\Blink\MXTmpFiles\system.tmp
2021-02-23 16:41:33,767 [INFO] CodeEngine:229 - oldGeneratedFile, C:\Users\bakialmaci\Desktop\Projects\ARM\Arm-Cortex\Blink\Core\Inc\stm32f1xx_hal_conf.h_save
2021-02-23 16:41:33,899 [INFO] CodeEngine:247 - Generated code: C:\Users\bakialmaci\Desktop\Projects\ARM\Arm-Cortex\Blink\Core\Inc\stm32f1xx_hal_conf.h
2021-02-23 16:41:34,019 [INFO] CodeEngine:229 - oldGeneratedFile, C:\Users\bakialmaci\Desktop\Projects\ARM\Arm-Cortex\Blink\Core\Inc\main.h_save
2021-02-23 16:41:34,128 [INFO] CodeEngine:247 - Generated code: C:\Users\bakialmaci\Desktop\Projects\ARM\Arm-Cortex\Blink\Core\Inc\main.h
2021-02-23 16:41:34,147 [INFO] CodeEngine:229 - oldGeneratedFile, C:\Users\bakialmaci\Desktop\Projects\ARM\Arm-Cortex\Blink\Core\Src\main.c_save
2021-02-23 16:41:34,323 [INFO] CodeEngine:247 - Generated code: C:\Users\bakialmaci\Desktop\Projects\ARM\Arm-Cortex\Blink\Core\Src\main.c
2021-02-23 16:41:35,635 [INFO] ProjectBuilder:2328 - Time for Copy HAL[1] : 154mS.
2021-02-23 16:41:35,648 [INFO] ProjectBuilder:3259 - Project Generator version: 3.11.2
2021-02-23 16:41:36,195 [INFO] ConfigFileManager:1238 - The Die is : DIE410
2021-02-23 16:41:36,217 [INFO] ApiDbMcu:456 - Load IP Config File for FATFS
2021-02-23 16:41:36,230 [INFO] ApiDbMcu:456 - Load IP Config File for FREERTOS
2021-02-23 16:41:36,242 [INFO] ApiDbMcu:456 - Load IP Config File for USB_DEVICE
2021-02-23 16:41:42,300 [INFO] ProjectBuilder:3425 - Time for Generating toolchain IDE Files: 6652mS.
2021-02-23 16:41:42,301 [INFO] ProjectBuilder:2207 - Time for Copy CMSIS : 1mS.
2021-02-23 16:41:42,304 [INFO] ProjectBuilder:2207 - Time for Copy CMSIS : 0mS.
2021-02-23 16:41:43,272 [INFO] ApiDb:263 - Save user favorites file C:\Users\bakialmaci/.stm32cubeide/favorites.mcus.txt: 0 item(s)
2021-02-23 16:41:43,272 [INFO] ApiDb:267 - User favorites MCUs=[]
2021-02-23 16:42:53,494 [INFO] UtilMem:74 - End SaveConfig() Used Memory: 763100840 Bytes (919601152)
2021-02-23 16:42:56,034 [INFO] UtilMem:74 - End SaveConfig() Used Memory: 358734784 Bytes (919601152)
2021-02-23 16:42:58,922 [INFO] UtilMem:74 - End SaveConfig() Used Memory: 423224248 Bytes (919601152)
2021-02-23 16:42:59,212 [INFO] BlockDiagram:2735 - set Specific Code input for plugin: NVIC
2021-02-23 16:42:59,212 [INFO] BlockDiagram:2735 - set Specific Code input for plugin: SYS
2021-02-23 16:42:59,213 [INFO] BlockDiagram:2735 - set Specific Code input for plugin: GPIO
2021-02-23 16:42:59,213 [INFO] BlockDiagram:2735 - set Specific Code input for plugin: RCC
2021-02-23 16:42:59,214 [INFO] CodeGenerator:639 - code generatio: config db path: C:\ST\STM32CubeIDE_1.5.0\STM32CubeIDE\plugins\com.st.stm32cube.common.mx_6.1.1.202012091304\\db\
2021-02-23 16:42:59,468 [INFO] CodeEngine:229 - oldGeneratedFile, C:\Users\bakialmaci\Desktop\Projects\ARM\Arm-Cortex\Blink\MXTmpFiles\license.tmp_save
2021-02-23 16:42:59,544 [INFO] CodeEngine:247 - Generated code: C:\Users\bakialmaci\Desktop\Projects\ARM\Arm-Cortex\Blink\MXTmpFiles\license.tmp
2021-02-23 16:42:59,625 [INFO] CodeEngine:229 - oldGeneratedFile, C:\Users\bakialmaci\Desktop\Projects\ARM\Arm-Cortex\Blink\MXTmpFiles\gpio.tmp_save
2021-02-23 16:42:59,721 [INFO] CodeEngine:247 - Generated code: C:\Users\bakialmaci\Desktop\Projects\ARM\Arm-Cortex\Blink\MXTmpFiles\gpio.tmp
2021-02-23 16:42:59,779 [INFO] CodeEngine:229 - oldGeneratedFile, C:\Users\bakialmaci\Desktop\Projects\ARM\Arm-Cortex\Blink\Core\Src\stm32f1xx_it.c_save
2021-02-23 16:42:59,870 [INFO] CodeEngine:247 - Generated code: C:\Users\bakialmaci\Desktop\Projects\ARM\Arm-Cortex\Blink\Core\Src\stm32f1xx_it.c
2021-02-23 16:42:59,881 [INFO] CodeEngine:229 - oldGeneratedFile, C:\Users\bakialmaci\Desktop\Projects\ARM\Arm-Cortex\Blink\Core\Inc\stm32f1xx_it.h_save
2021-02-23 16:42:59,967 [INFO] CodeEngine:247 - Generated code: C:\Users\bakialmaci\Desktop\Projects\ARM\Arm-Cortex\Blink\Core\Inc\stm32f1xx_it.h
2021-02-23 16:43:00,034 [INFO] CodeEngine:229 - oldGeneratedFile, C:\Users\bakialmaci\Desktop\Projects\ARM\Arm-Cortex\Blink\Core\Src\stm32f1xx_hal_msp.c_save
2021-02-23 16:43:00,223 [INFO] CodeEngine:247 - Generated code: C:\Users\bakialmaci\Desktop\Projects\ARM\Arm-Cortex\Blink\Core\Src\stm32f1xx_hal_msp.c
2021-02-23 16:43:00,230 [INFO] CodeEngine:229 - oldGeneratedFile, C:\Users\bakialmaci\Desktop\Projects\ARM\Arm-Cortex\Blink\MXTmpFiles\system.tmp_save
2021-02-23 16:43:00,305 [INFO] CodeEngine:247 - Generated code: C:\Users\bakialmaci\Desktop\Projects\ARM\Arm-Cortex\Blink\MXTmpFiles\system.tmp
2021-02-23 16:43:00,361 [INFO] CodeEngine:229 - oldGeneratedFile, C:\Users\bakialmaci\Desktop\Projects\ARM\Arm-Cortex\Blink\Core\Inc\stm32f1xx_hal_conf.h_save
2021-02-23 16:43:00,496 [INFO] CodeEngine:247 - Generated code: C:\Users\bakialmaci\Desktop\Projects\ARM\Arm-Cortex\Blink\Core\Inc\stm32f1xx_hal_conf.h
2021-02-23 16:43:00,582 [INFO] CodeEngine:229 - oldGeneratedFile, C:\Users\bakialmaci\Desktop\Projects\ARM\Arm-Cortex\Blink\Core\Inc\main.h_save
2021-02-23 16:43:00,686 [INFO] CodeEngine:247 - Generated code: C:\Users\bakialmaci\Desktop\Projects\ARM\Arm-Cortex\Blink\Core\Inc\main.h
2021-02-23 16:43:00,708 [INFO] CodeEngine:229 - oldGeneratedFile, C:\Users\bakialmaci\Desktop\Projects\ARM\Arm-Cortex\Blink\Core\Src\main.c_save
2021-02-23 16:43:00,856 [INFO] CodeEngine:247 - Generated code: C:\Users\bakialmaci\Desktop\Projects\ARM\Arm-Cortex\Blink\Core\Src\main.c
2021-02-23 16:43:01,908 [INFO] ProjectBuilder:2328 - Time for Copy HAL[1] : 146mS.
2021-02-23 16:43:01,912 [INFO] ProjectBuilder:3259 - Project Generator version: 3.11.2
2021-02-23 16:43:02,252 [INFO] ConfigFileManager:1238 - The Die is : DIE410
2021-02-23 16:43:04,402 [INFO] ProjectBuilder:3425 - Time for Generating toolchain IDE Files: 2490mS.
2021-02-23 16:43:04,405 [INFO] ProjectBuilder:2207 - Time for Copy CMSIS : 2mS.
2021-02-23 16:43:04,409 [INFO] ProjectBuilder:2207 - Time for Copy CMSIS : 0mS.
